2025-03-12T09:13:13.639Z - test_user visited
2025-03-12T09:15:53.373Z - test_user visited
2025-03-12T09:34:35.023Z - test_user visited
2025-03-12T09:48:55.495Z - test_user visited
2025-03-12T09:50:06.332Z - test_user visited
2025-03-12T10:03:07.221Z - test_user visited
2025-03-12T10:03:46.496Z - test_user visited
2025-03-12T10:21:01.973Z - test_user visited
2025-03-12T10:28:39.865Z - user_dpjp0rhz visited
2025-03-12T10:28:45.247Z - user_dpjp0rhz visited
2025-03-12T10:29:23.638Z - user_dpjp0rhz visited
2025-03-12T10:29:23.639Z - user_dpjp0rhz visited
2025-03-12T10:32:35.438Z - user_dpjp0rhz visited
2025-03-12T10:32:35.444Z - user_dpjp0rhz visited
2025-03-25T09:46:26.933Z - user_3yctn5ig visited
2025-03-25T09:46:26.935Z - user_3yctn5ig visited
2025-03-26T07:59:04.439Z - user_3yctn5ig visited
2025-03-26T07:59:04.446Z - user_3yctn5ig visited
2025-03-26T08:03:26.915Z - user_3yctn5ig visited
2025-03-26T08:03:26.977Z - user_3yctn5ig visited
2025-03-26T08:08:29.362Z - user_3yctn5ig visited
2025-03-26T08:08:29.365Z - user_3yctn5ig visited
2025-03-26T08:10:07.809Z - user_3yctn5ig visited
2025-03-26T08:10:07.828Z - user_3yctn5ig visited
2025-03-26T08:14:09.281Z - user_3yctn5ig visited
2025-03-26T08:14:09.285Z - user_3yctn5ig visited
2025-03-26T08:17:03.081Z - user_3yctn5ig visited
2025-03-26T08:17:03.084Z - user_3yctn5ig visited
2025-03-26T08:17:18.855Z - user_3yctn5ig visited
2025-03-26T08:17:18.872Z - user_3yctn5ig visited
2025-03-26T08:17:24.866Z - user_3yctn5ig visited
2025-03-26T08:17:24.868Z - user_3yctn5ig visited
2025-03-26T09:03:42.968Z - user_3yctn5ig visited
2025-03-26T09:03:42.966Z - user_3yctn5ig visited
2025-03-26T09:25:51.079Z - user_3yctn5ig visited
2025-03-26T09:25:51.085Z - user_3yctn5ig visited
2025-03-26T09:26:49.851Z - user_3yctn5ig visited
2025-03-26T09:26:49.853Z - user_3yctn5ig visited
2025-03-26T09:27:41.062Z - user_3yctn5ig visited
2025-03-26T09:27:41.065Z - user_3yctn5ig visited
2025-03-26T09:30:13.676Z - user_3yctn5ig visited
2025-03-26T09:30:13.678Z - user_3yctn5ig visited
2025-03-26T10:19:18.842Z - user_3yctn5ig visited
2025-03-26T10:19:18.844Z - user_3yctn5ig visited
2025-03-27T09:01:37.941Z - user_3yctn5ig visited
2025-03-27T09:01:37.964Z - user_3yctn5ig visited
2025-03-28T13:25:17.875Z - user_3yctn5ig visited
2025-03-28T13:25:17.884Z - user_3yctn5ig visited
2025-03-28T13:57:22.828Z - user_v9cj2g7z visited
2025-03-28T14:05:31.263Z - user_3yctn5ig visited
2025-03-28T14:05:31.265Z - user_3yctn5ig visited
2025-03-28T14:21:22.324Z - user_3yctn5ig visited
2025-03-28T14:21:22.326Z - user_3yctn5ig visited
2025-03-28T14:32:32.592Z - user_3yctn5ig visited
2025-03-28T14:32:32.598Z - user_3yctn5ig visited
2025-03-31T12:19:44.138Z - user_lw22kne3 visited
2025-03-31T12:19:44.601Z - user_lw22kne3 visited
2025-04-03T12:47:20.324Z - user_lw22kne3 visited
2025-04-03T12:47:20.325Z - user_lw22kne3 visited
2025-06-06T21:27:43.714Z - user_dpjp0rhz visited
2025-06-06T21:27:43.720Z - user_dpjp0rhz visited
2025-06-06T21:27:45.644Z - user_dpjp0rhz visited
2025-06-06T21:27:45.652Z - user_dpjp0rhz visited
2025-06-06T21:28:09.693Z - user_dpjp0rhz visited
2025-06-06T21:28:09.698Z - user_dpjp0rhz visited
2025-06-07T10:23:48.357Z - user_dpjp0rhz visited
2025-06-07T10:23:48.359Z - user_dpjp0rhz visited
2025-06-07T11:48:53.657Z - user_dpjp0rhz visited
2025-06-07T11:48:53.669Z - user_dpjp0rhz visited
2025-06-07T11:48:53.672Z - user_dpjp0rhz visited
2025-06-07T11:48:53.673Z - user_dpjp0rhz visited
2025-06-07T11:50:49.736Z - user_dpjp0rhz visited
2025-06-07T11:50:49.750Z - user_dpjp0rhz visited
2025-06-07T11:51:35.010Z - user_dpjp0rhz visited
2025-06-07T11:51:35.012Z - user_dpjp0rhz visited
2025-06-07T12:01:26.141Z - user_dpjp0rhz visited
2025-06-07T12:01:26.144Z - user_dpjp0rhz visited
2025-06-07T12:01:40.931Z - user_dpjp0rhz visited
2025-06-07T12:01:40.934Z - user_dpjp0rhz visited
2025-06-07T12:01:52.256Z - user_dpjp0rhz visited
2025-06-07T12:01:52.265Z - user_dpjp0rhz visited
2025-06-07T12:02:04.239Z - user_dpjp0rhz visited
2025-06-07T12:02:04.244Z - user_dpjp0rhz visited
2025-06-07T12:02:17.303Z - user_dpjp0rhz visited
2025-06-07T12:02:17.305Z - user_dpjp0rhz visited
2025-06-07T12:02:30.560Z - user_dpjp0rhz visited
2025-06-07T12:02:30.642Z - user_dpjp0rhz visited
2025-06-07T12:02:43.647Z - user_dpjp0rhz visited
2025-06-07T12:02:43.652Z - user_dpjp0rhz visited
2025-06-07T12:02:53.916Z - user_dpjp0rhz visited
2025-06-07T12:02:53.918Z - user_dpjp0rhz visited
2025-06-07T12:03:05.739Z - user_dpjp0rhz visited
2025-06-07T12:03:05.742Z - user_dpjp0rhz visited
2025-06-07T12:03:50.974Z - user_dpjp0rhz visited
2025-06-07T12:03:50.976Z - user_dpjp0rhz visited
2025-06-07T12:06:56.891Z - user_dpjp0rhz visited
2025-06-07T12:06:56.892Z - user_dpjp0rhz visited
2025-06-07T12:07:10.610Z - user_dpjp0rhz visited
2025-06-07T12:07:10.647Z - user_dpjp0rhz visited
2025-06-07T12:07:33.546Z - user_dpjp0rhz visited
2025-06-07T12:07:33.545Z - user_dpjp0rhz visited
2025-06-07T12:07:50.146Z - user_dpjp0rhz visited
2025-06-07T12:07:50.148Z - user_dpjp0rhz visited
2025-06-07T12:10:52.993Z - user_dpjp0rhz visited
2025-06-07T12:10:53.040Z - user_dpjp0rhz visited
2025-06-07T12:11:04.604Z - user_dpjp0rhz visited
2025-06-07T12:11:04.606Z - user_dpjp0rhz visited
2025-06-07T12:11:14.881Z - user_dpjp0rhz visited
2025-06-07T12:11:14.882Z - user_dpjp0rhz visited
2025-06-07T12:11:25.659Z - user_dpjp0rhz visited
2025-06-07T12:11:25.662Z - user_dpjp0rhz visited
2025-06-07T12:11:44.102Z - user_dpjp0rhz visited
2025-06-07T12:11:44.103Z - user_dpjp0rhz visited
2025-06-07T12:11:55.015Z - user_dpjp0rhz visited
2025-06-07T12:11:55.017Z - user_dpjp0rhz visited
2025-06-07T12:12:28.328Z - user_dpjp0rhz visited
2025-06-07T12:12:28.333Z - user_dpjp0rhz visited
2025-06-07T12:13:24.577Z - user_dpjp0rhz visited
2025-06-07T12:13:24.582Z - user_dpjp0rhz visited
2025-06-07T12:38:07.469Z - user_dpjp0rhz visited
2025-06-07T12:38:07.468Z - user_dpjp0rhz visited
2025-06-07T12:41:56.799Z - user_dpjp0rhz visited
2025-06-07T12:41:56.824Z - user_dpjp0rhz visited
2025-06-07T19:04:56.745Z - user_dpjp0rhz visited
2025-06-07T19:04:56.766Z - user_dpjp0rhz visited
2025-06-07T20:28:58.212Z - user_dpjp0rhz visited
2025-06-07T20:28:58.214Z - user_dpjp0rhz visited
2025-06-09T08:02:50.261Z - user_dpjp0rhz visited
2025-06-09T08:02:50.264Z - user_dpjp0rhz visited
